<?xml version="1.0" encoding="UTF-8"?>
<!-- Generated by org.testng.reporters.JUnitXMLReporter -->
<testsuite hostname="RAJESH" name="Free CRM App Test Cases" tests="13" failures="0" timestamp="11 Feb 2024 20:03:18 GMT" time="391.16" errors="0">
  <testcase name="loginPageTitleTest" time="0.12" classname="com.crm.qa.testcases.LoginPageTest"/>
  <testcase name="logoImageTest" time="0.144" classname="com.crm.qa.testcases.LoginPageTest"/>
  <testcase name="loginTest" time="11.731" classname="com.crm.qa.testcases.LoginPageTest"/>
  <testcase name="homePageTitleTest" time="0.027" classname="com.crm.qa.testcases.HomePageTest"/>
  <testcase name="userNameInHomePageTest" time="0.169" classname="com.crm.qa.testcases.HomePageTest"/>
  <testcase name="contactsPageTest" time="3.897" classname="com.crm.qa.testcases.HomePageTest"/>
  <testcase name="verifyContactsPageLabel" time="0.102" classname="com.crm.qa.testcases.ContactsPageTest"/>
  <testcase name="selectSingleContactsTest" time="0.267" classname="com.crm.qa.testcases.ContactsPageTest"/>
  <testcase name="selectMultipleContactsTest" time="0.411" classname="com.crm.qa.testcases.ContactsPageTest"/>
  <testcase name="createNewContactTest" time="9.028" classname="com.crm.qa.testcases.ContactsPageTest"/>
  <testcase name="createNewContactTest" time="8.035" classname="com.crm.qa.testcases.ContactsPageTest"/>
  <testcase name="createNewContactTest" time="9.072" classname="com.crm.qa.testcases.ContactsPageTest"/>
  <testcase name="createNewContactTest" time="8.653" classname="com.crm.qa.testcases.ContactsPageTest"/>
</testsuite> <!-- Free CRM App Test Cases -->
