<?xml version="1.0" encoding="UTF-8"?>
<!-- Generated by org.testng.reporters.JUnitXMLReporter -->
<testsuite hostname="RAJESH" failures="0" tests="13" name="Surefire test" time="561.913" errors="0" timestamp="12 Feb 2024 15:15:38 GMT">
  <testcase classname="com.crm.qa.testcases.ContactsPageTest" name="verifyContactsPageLabel" time="0.207"/>
  <testcase classname="com.crm.qa.testcases.ContactsPageTest" name="selectSingleContactsTest" time="0.145"/>
  <testcase classname="com.crm.qa.testcases.ContactsPageTest" name="selectMultipleContactsTest" time="1.059"/>
  <testcase classname="com.crm.qa.testcases.ContactsPageTest" name="createNewContactTest" time="12.238"/>
  <testcase classname="com.crm.qa.testcases.ContactsPageTest" name="createNewContactTest" time="9.755"/>
  <testcase classname="com.crm.qa.testcases.ContactsPageTest" name="createNewContactTest" time="9.445"/>
  <testcase classname="com.crm.qa.testcases.ContactsPageTest" name="createNewContactTest" time="10.652"/>
  <testcase classname="com.crm.qa.testcases.HomePageTest" name="homePageTitleTest" time="0.418"/>
  <testcase classname="com.crm.qa.testcases.HomePageTest" name="userNameInHomePageTest" time="0.164"/>
  <testcase classname="com.crm.qa.testcases.HomePageTest" name="contactsPageTest" time="3.758"/>
  <testcase classname="com.crm.qa.testcases.LoginPageTest" name="loginPageTitleTest" time="0.018"/>
  <testcase classname="com.crm.qa.testcases.LoginPageTest" name="logoImageTest" time="0.105"/>
  <testcase classname="com.crm.qa.testcases.LoginPageTest" name="loginTest" time="14.432"/>
</testsuite> <!-- Surefire test -->
