<?xml version="1.0" encoding="UTF-8"?>
<!-- Generated by org.testng.reporters.JUnitXMLReporter -->
<testsuite hostname="RAJESH" name="Default test" tests="3" failures="0" timestamp="13 Feb 2024 12:09:04 GMT" time="97.044" errors="0">
  <testcase name="loginPageTitleTest" time="0.077" classname="com.crm.qa.testcases.LoginPageTest"/>
  <testcase name="logoImageTest" time="0.389" classname="com.crm.qa.testcases.LoginPageTest"/>
  <testcase name="loginTest" time="19.106" classname="com.crm.qa.testcases.LoginPageTest"/>
</testsuite> <!-- Default test -->
