<?xml version="1.0" encoding="UTF-8"?>
<testng-results total="13" passed="13" failed="0" skipped="0">
  <reporter-output>
  </reporter-output>
  <suite started-at="2024-02-12T15:06:16Z" name="Surefire suite" finished-at="2024-02-12T15:15:38Z" duration-ms="561913">
    <groups>
    </groups>
    <test started-at="2024-02-12T15:06:16Z" name="Surefire test" finished-at="2024-02-12T15:15:38Z" duration-ms="561913">
      <class name="com.crm.qa.testcases.HomePageTest">
        <test-method is-config="true" signature="setup()[pri:0, instance:com.crm.qa.testcases.HomePageTest@4009e306]" started-at="2024-02-12T20:42:36Z" name="setup" finished-at="2024-02-12T20:43:09Z" duration-ms="32967" status="PASS">
          <reporter-output>
          </reporter-output>
        </test-method> <!-- setup -->
        <test-method signature="homePageTitleTest()[pri:0, instance:com.crm.qa.testcases.HomePageTest@4009e306]" started-at="2024-02-12T20:43:09Z" name="homePageTitleTest" finished-at="2024-02-12T20:43:09Z" duration-ms="418" status="PASS">
          <reporter-output>
          </reporter-output>
        </test-method> <!-- homePageTitleTest -->
        <test-method is-config="true" signature="tearDown()[pri:0, instance:com.crm.qa.testcases.HomePageTest@4009e306]" started-at="2024-02-12T20:43:09Z" name="tearDown" finished-at="2024-02-12T20:43:18Z" duration-ms="8164" status="PASS">
          <reporter-output>
          </reporter-output>
        </test-method> <!-- tearDown -->
        <test-method is-config="true" signature="setup()[pri:0, instance:com.crm.qa.testcases.HomePageTest@4009e306]" started-at="2024-02-12T20:43:18Z" name="setup" finished-at="2024-02-12T20:43:57Z" duration-ms="38916" status="PASS">
          <reporter-output>
          </reporter-output>
        </test-method> <!-- setup -->
        <test-method signature="userNameInHomePageTest()[pri:0, instance:com.crm.qa.testcases.HomePageTest@4009e306]" started-at="2024-02-12T20:43:57Z" name="userNameInHomePageTest" finished-at="2024-02-12T20:43:57Z" duration-ms="164" status="PASS">
          <reporter-output>
          </reporter-output>
        </test-method> <!-- userNameInHomePageTest -->
        <test-method is-config="true" signature="tearDown()[pri:0, instance:com.crm.qa.testcases.HomePageTest@4009e306]" started-at="2024-02-12T20:43:57Z" name="tearDown" finished-at="2024-02-12T20:43:58Z" duration-ms="903" status="PASS">
          <reporter-output>
          </reporter-output>
        </test-method> <!-- tearDown -->
        <test-method is-config="true" signature="setup()[pri:0, instance:com.crm.qa.testcases.HomePageTest@4009e306]" started-at="2024-02-12T20:43:58Z" name="setup" finished-at="2024-02-12T20:44:28Z" duration-ms="30896" status="PASS">
          <reporter-output>
          </reporter-output>
        </test-method> <!-- setup -->
        <test-method signature="contactsPageTest()[pri:0, instance:com.crm.qa.testcases.HomePageTest@4009e306]" started-at="2024-02-12T20:44:28Z" name="contactsPageTest" finished-at="2024-02-12T20:44:32Z" duration-ms="3758" status="PASS">
          <reporter-output>
          </reporter-output>
        </test-method> <!-- contactsPageTest -->
        <test-method is-config="true" signature="tearDown()[pri:0, instance:com.crm.qa.testcases.HomePageTest@4009e306]" started-at="2024-02-12T20:44:32Z" name="tearDown" finished-at="2024-02-12T20:44:33Z" duration-ms="1034" status="PASS">
          <reporter-output>
          </reporter-output>
        </test-method> <!-- tearDown -->
      </class> <!-- com.crm.qa.testcases.HomePageTest -->
      <class name="com.crm.qa.testcases.ContactsPageTest">
        <test-method is-config="true" signature="Setup()[pri:0, instance:com.crm.qa.testcases.ContactsPageTest@f79e]" started-at="2024-02-12T20:36:16Z" name="Setup" finished-at="2024-02-12T20:37:32Z" duration-ms="76381" status="PASS">
          <reporter-output>
          </reporter-output>
        </test-method> <!-- Setup -->
        <test-method signature="verifyContactsPageLabel()[pri:0, instance:com.crm.qa.testcases.ContactsPageTest@f79e]" started-at="2024-02-12T20:37:32Z" name="verifyContactsPageLabel" finished-at="2024-02-12T20:37:32Z" duration-ms="207" status="PASS">
          <reporter-output>
          </reporter-output>
        </test-method> <!-- verifyContactsPageLabel -->
        <test-method is-config="true" signature="tearDown()[pri:0, instance:com.crm.qa.testcases.ContactsPageTest@f79e]" started-at="2024-02-12T20:37:32Z" name="tearDown" finished-at="2024-02-12T20:37:36Z" duration-ms="3764" status="PASS">
          <reporter-output>
          </reporter-output>
        </test-method> <!-- tearDown -->
        <test-method is-config="true" signature="Setup()[pri:0, instance:com.crm.qa.testcases.ContactsPageTest@f79e]" started-at="2024-02-12T20:37:36Z" name="Setup" finished-at="2024-02-12T20:38:17Z" duration-ms="40568" status="PASS">
          <reporter-output>
          </reporter-output>
        </test-method> <!-- Setup -->
        <test-method signature="selectSingleContactsTest()[pri:0, instance:com.crm.qa.testcases.ContactsPageTest@f79e]" started-at="2024-02-12T20:38:17Z" name="selectSingleContactsTest" finished-at="2024-02-12T20:38:17Z" duration-ms="145" status="PASS">
          <reporter-output>
          </reporter-output>
        </test-method> <!-- selectSingleContactsTest -->
        <test-method is-config="true" signature="tearDown()[pri:0, instance:com.crm.qa.testcases.ContactsPageTest@f79e]" started-at="2024-02-12T20:38:17Z" name="tearDown" finished-at="2024-02-12T20:38:18Z" duration-ms="887" status="PASS">
          <reporter-output>
          </reporter-output>
        </test-method> <!-- tearDown -->
        <test-method is-config="true" signature="Setup()[pri:0, instance:com.crm.qa.testcases.ContactsPageTest@f79e]" started-at="2024-02-12T20:38:18Z" name="Setup" finished-at="2024-02-12T20:39:01Z" duration-ms="43224" status="PASS">
          <reporter-output>
          </reporter-output>
        </test-method> <!-- Setup -->
        <test-method signature="selectMultipleContactsTest()[pri:0, instance:com.crm.qa.testcases.ContactsPageTest@f79e]" started-at="2024-02-12T20:39:01Z" name="selectMultipleContactsTest" finished-at="2024-02-12T20:39:02Z" duration-ms="1059" status="PASS">
          <reporter-output>
          </reporter-output>
        </test-method> <!-- selectMultipleContactsTest -->
        <test-method is-config="true" signature="tearDown()[pri:0, instance:com.crm.qa.testcases.ContactsPageTest@f79e]" started-at="2024-02-12T20:39:02Z" name="tearDown" finished-at="2024-02-12T20:39:15Z" duration-ms="12799" status="PASS">
          <reporter-output>
          </reporter-output>
        </test-method> <!-- tearDown -->
        <test-method is-config="true" signature="Setup()[pri:0, instance:com.crm.qa.testcases.ContactsPageTest@f79e]" started-at="2024-02-12T20:39:20Z" name="Setup" finished-at="2024-02-12T20:39:56Z" duration-ms="36333" status="PASS">
          <reporter-output>
          </reporter-output>
        </test-method> <!-- Setup -->
        <test-method signature="createNewContactTest(java.lang.String, java.lang.String, java.lang.String, java.lang.String)[pri:0, instance:com.crm.qa.testcases.ContactsPageTest@f79e]" started-at="2024-02-12T20:39:56Z" name="createNewContactTest" data-provider="getSheetTestData" finished-at="2024-02-12T20:40:08Z" duration-ms="12238" status="PASS">
          <params>
            <param index="0">
              <value>
                <![CDATA[Mr.]]>
              </value>
            </param>
            <param index="1">
              <value>
                <![CDATA[Will]]>
              </value>
            </param>
            <param index="2">
              <value>
                <![CDATA[Smith]]>
              </value>
            </param>
            <param index="3">
              <value>
                <![CDATA[Apple]]>
              </value>
            </param>
          </params>
          <reporter-output>
          </reporter-output>
        </test-method> <!-- createNewContactTest -->
        <test-method is-config="true" signature="tearDown()[pri:0, instance:com.crm.qa.testcases.ContactsPageTest@f79e]" started-at="2024-02-12T20:40:08Z" name="tearDown" finished-at="2024-02-12T20:40:09Z" duration-ms="1065" status="PASS">
          <reporter-output>
          </reporter-output>
        </test-method> <!-- tearDown -->
        <test-method is-config="true" signature="Setup()[pri:0, instance:com.crm.qa.testcases.ContactsPageTest@f79e]" started-at="2024-02-12T20:40:09Z" name="Setup" finished-at="2024-02-12T20:40:49Z" duration-ms="39920" status="PASS">
          <reporter-output>
          </reporter-output>
        </test-method> <!-- Setup -->
        <test-method signature="createNewContactTest(java.lang.String, java.lang.String, java.lang.String, java.lang.String)[pri:0, instance:com.crm.qa.testcases.ContactsPageTest@f79e]" started-at="2024-02-12T20:40:49Z" name="createNewContactTest" data-provider="getSheetTestData" finished-at="2024-02-12T20:40:59Z" duration-ms="9755" status="PASS">
          <params>
            <param index="0">
              <value>
                <![CDATA[Dr.]]>
              </value>
            </param>
            <param index="1">
              <value>
                <![CDATA[Peter]]>
              </value>
            </param>
            <param index="2">
              <value>
                <![CDATA[Wallington]]>
              </value>
            </param>
            <param index="3">
              <value>
                <![CDATA[Microsoft]]>
              </value>
            </param>
          </params>
          <reporter-output>
          </reporter-output>
        </test-method> <!-- createNewContactTest -->
        <test-method is-config="true" signature="tearDown()[pri:0, instance:com.crm.qa.testcases.ContactsPageTest@f79e]" started-at="2024-02-12T20:40:59Z" name="tearDown" finished-at="2024-02-12T20:41:00Z" duration-ms="1069" status="PASS">
          <reporter-output>
          </reporter-output>
        </test-method> <!-- tearDown -->
        <test-method is-config="true" signature="Setup()[pri:0, instance:com.crm.qa.testcases.ContactsPageTest@f79e]" started-at="2024-02-12T20:41:00Z" name="Setup" finished-at="2024-02-12T20:41:40Z" duration-ms="40317" status="PASS">
          <reporter-output>
          </reporter-output>
        </test-method> <!-- Setup -->
        <test-method signature="createNewContactTest(java.lang.String, java.lang.String, java.lang.String, java.lang.String)[pri:0, instance:com.crm.qa.testcases.ContactsPageTest@f79e]" started-at="2024-02-12T20:41:40Z" name="createNewContactTest" data-provider="getSheetTestData" finished-at="2024-02-12T20:41:50Z" duration-ms="9445" status="PASS">
          <params>
            <param index="0">
              <value>
                <![CDATA[Prof.]]>
              </value>
            </param>
            <param index="1">
              <value>
                <![CDATA[Watt]]>
              </value>
            </param>
            <param index="2">
              <value>
                <![CDATA[Klopp]]>
              </value>
            </param>
            <param index="3">
              <value>
                <![CDATA[Amazon]]>
              </value>
            </param>
          </params>
          <reporter-output>
          </reporter-output>
        </test-method> <!-- createNewContactTest -->
        <test-method is-config="true" signature="tearDown()[pri:0, instance:com.crm.qa.testcases.ContactsPageTest@f79e]" started-at="2024-02-12T20:41:50Z" name="tearDown" finished-at="2024-02-12T20:41:51Z" duration-ms="1271" status="PASS">
          <reporter-output>
          </reporter-output>
        </test-method> <!-- tearDown -->
        <test-method is-config="true" signature="Setup()[pri:0, instance:com.crm.qa.testcases.ContactsPageTest@f79e]" started-at="2024-02-12T20:41:51Z" name="Setup" finished-at="2024-02-12T20:42:24Z" duration-ms="33306" status="PASS">
          <reporter-output>
          </reporter-output>
        </test-method> <!-- Setup -->
        <test-method signature="createNewContactTest(java.lang.String, java.lang.String, java.lang.String, java.lang.String)[pri:0, instance:com.crm.qa.testcases.ContactsPageTest@f79e]" started-at="2024-02-12T20:42:24Z" name="createNewContactTest" data-provider="getSheetTestData" finished-at="2024-02-12T20:42:35Z" duration-ms="10652" status="PASS">
          <params>
            <param index="0">
              <value>
                <![CDATA[Sir]]>
              </value>
            </param>
            <param index="1">
              <value>
                <![CDATA[Mike]]>
              </value>
            </param>
            <param index="2">
              <value>
                <![CDATA[Richardson]]>
              </value>
            </param>
            <param index="3">
              <value>
                <![CDATA[Google]]>
              </value>
            </param>
          </params>
          <reporter-output>
          </reporter-output>
        </test-method> <!-- createNewContactTest -->
        <test-method is-config="true" signature="tearDown()[pri:0, instance:com.crm.qa.testcases.ContactsPageTest@f79e]" started-at="2024-02-12T20:42:35Z" name="tearDown" finished-at="2024-02-12T20:42:36Z" duration-ms="1164" status="PASS">
          <reporter-output>
          </reporter-output>
        </test-method> <!-- tearDown -->
      </class> <!-- com.crm.qa.testcases.ContactsPageTest -->
      <class name="com.crm.qa.testcases.LoginPageTest">
        <test-method is-config="true" signature="Setup()[pri:0, instance:com.crm.qa.testcases.LoginPageTest@7ee8290b]" started-at="2024-02-12T20:44:33Z" name="Setup" finished-at="2024-02-12T20:44:48Z" duration-ms="15093" status="PASS">
          <reporter-output>
          </reporter-output>
        </test-method> <!-- Setup -->
        <test-method signature="loginPageTitleTest()[pri:0, instance:com.crm.qa.testcases.LoginPageTest@7ee8290b]" started-at="2024-02-12T20:44:48Z" name="loginPageTitleTest" finished-at="2024-02-12T20:44:48Z" duration-ms="18" status="PASS">
          <reporter-output>
          </reporter-output>
        </test-method> <!-- loginPageTitleTest -->
        <test-method is-config="true" signature="tearDown()[pri:0, instance:com.crm.qa.testcases.LoginPageTest@7ee8290b]" started-at="2024-02-12T20:44:48Z" name="tearDown" finished-at="2024-02-12T20:44:50Z" duration-ms="1129" status="PASS">
          <reporter-output>
          </reporter-output>
        </test-method> <!-- tearDown -->
        <test-method is-config="true" signature="Setup()[pri:0, instance:com.crm.qa.testcases.LoginPageTest@7ee8290b]" started-at="2024-02-12T20:44:50Z" name="Setup" finished-at="2024-02-12T20:45:06Z" duration-ms="16441" status="PASS">
          <reporter-output>
          </reporter-output>
        </test-method> <!-- Setup -->
        <test-method signature="logoImageTest()[pri:0, instance:com.crm.qa.testcases.LoginPageTest@7ee8290b]" started-at="2024-02-12T20:45:06Z" name="logoImageTest" finished-at="2024-02-12T20:45:06Z" duration-ms="105" status="PASS">
          <reporter-output>
          </reporter-output>
        </test-method> <!-- logoImageTest -->
        <test-method is-config="true" signature="tearDown()[pri:0, instance:com.crm.qa.testcases.LoginPageTest@7ee8290b]" started-at="2024-02-12T20:45:06Z" name="tearDown" finished-at="2024-02-12T20:45:07Z" duration-ms="922" status="PASS">
          <reporter-output>
          </reporter-output>
        </test-method> <!-- tearDown -->
        <test-method is-config="true" signature="Setup()[pri:0, instance:com.crm.qa.testcases.LoginPageTest@7ee8290b]" started-at="2024-02-12T20:45:07Z" name="Setup" finished-at="2024-02-12T20:45:22Z" duration-ms="15173" status="PASS">
          <reporter-output>
          </reporter-output>
        </test-method> <!-- Setup -->
        <test-method signature="loginTest()[pri:0, instance:com.crm.qa.testcases.LoginPageTest@7ee8290b]" started-at="2024-02-12T20:45:22Z" name="loginTest" finished-at="2024-02-12T20:45:37Z" duration-ms="14432" status="PASS">
          <reporter-output>
          </reporter-output>
        </test-method> <!-- loginTest -->
        <test-method is-config="true" signature="tearDown()[pri:0, instance:com.crm.qa.testcases.LoginPageTest@7ee8290b]" started-at="2024-02-12T20:45:37Z" name="tearDown" finished-at="2024-02-12T20:45:38Z" duration-ms="1034" status="PASS">
          <reporter-output>
          </reporter-output>
        </test-method> <!-- tearDown -->
      </class> <!-- com.crm.qa.testcases.LoginPageTest -->
    </test> <!-- Surefire test -->
  </suite> <!-- Surefire suite -->
</testng-results>
