<?xml version="1.0" encoding="UTF-8"?>
<testsuite xmlns:xsi="http://www.w3.org/2001/XMLSchema-instance" xsi:noNamespaceSchemaLocation="https://maven.apache.org/surefire/maven-surefire-plugin/xsd/surefire-test-report-3.0.xsd" version="3.0" name="TestSuite" time="564.279" tests="13" errors="0" skipped="0" failures="0">
  <properties>
[...]
</properties>
  <testcase name="verifyContactsPageLabel" classname="com.crm.qa.testcases.ContactsPageTest" time="0.216">
    <system-out><![CDATA[Before navigating to: 'https://classic.freecrm.com'
Navigated to:'https://classic.freecrm.com'
Trying to find Element By : By.name: username
Found Element By : By.name: username
Value of the:[[ChromeDriver: chrome on XP (66844e4143e99be401a567d91745daea)] -> name: username] before any changes made
Element value changed to: [[ChromeDriver: chrome on XP (66844e4143e99be401a567d91745daea)] -> name: username]
Trying to find Element By : By.name: password
Found Element By : By.name: password
Value of the:[[ChromeDriver: chrome on XP (66844e4143e99be401a567d91745daea)] -> name: password] before any changes made
Element value changed to: [[ChromeDriver: chrome on XP (66844e4143e99be401a567d91745daea)] -> name: password]
Trying to find Element By : By.xpath: //input[@type='submit']
Found Element By : By.xpath: //input[@type='submit']
Trying to click on: [[ChromeDriver: chrome on XP (66844e4143e99be401a567d91745daea)] -> xpath: //input[@type='submit']]
Clicked on: [[ChromeDriver: chrome on XP (66844e4143e99be401a567d91745daea)] -> xpath: //input[@type='submit']]
Trying to find Element By : By.xpath: //a[contains(text(),'Contacts')]
Found Element By : By.xpath: //a[contains(text(),'Contacts')]
Trying to click on: [[ChromeDriver: chrome on XP (66844e4143e99be401a567d91745daea)] -> xpath: //a[contains(text(),'Contacts')]]
Clicked on: [[ChromeDriver: chrome on XP (66844e4143e99be401a567d91745daea)] -> xpath: //a[contains(text(),'Contacts')]]
Trying to find Element By : By.xpath: //td[contains(text(),'Contacts')]
Found Element By : By.xpath: //td[contains(text(),'Contacts')]
]]></system-out>
    <system-err><![CDATA[Starting ChromeDriver 109.0.5414.25 (771113d280dd3dda2fb422a6c805f0eb2b8ee6ed-refs/branch-heads/5414@{#303}) on port 34277
Only local connections are allowed.
Please see https://chromedriver.chromium.org/security-considerations for suggestions on keeping ChromeDriver safe.
ChromeDriver was started successfully.
log4j:WARN No appenders could be found for logger (org.apache.http.client.protocol.RequestAddCookies).
log4j:WARN Please initialize the log4j system properly.
]]></system-err>
  </testcase>
  <testcase name="selectSingleContactsTest" classname="com.crm.qa.testcases.ContactsPageTest" time="0.145">
    <system-out><![CDATA[Before navigating to: 'https://classic.freecrm.com'
Navigated to:'https://classic.freecrm.com'
Trying to find Element By : By.name: username
Found Element By : By.name: username
Value of the:[[ChromeDriver: chrome on XP (14a80491dd0546f8f97b5d459b7a42b5)] -> name: username] before any changes made
Element value changed to: [[ChromeDriver: chrome on XP (14a80491dd0546f8f97b5d459b7a42b5)] -> name: username]
Trying to find Element By : By.name: password
Found Element By : By.name: password
Value of the:[[ChromeDriver: chrome on XP (14a80491dd0546f8f97b5d459b7a42b5)] -> name: password] before any changes made
Element value changed to: [[ChromeDriver: chrome on XP (14a80491dd0546f8f97b5d459b7a42b5)] -> name: password]
Trying to find Element By : By.xpath: //input[@type='submit']
Found Element By : By.xpath: //input[@type='submit']
Trying to click on: [[ChromeDriver: chrome on XP (14a80491dd0546f8f97b5d459b7a42b5)] -> xpath: //input[@type='submit']]
Clicked on: [[ChromeDriver: chrome on XP (14a80491dd0546f8f97b5d459b7a42b5)] -> xpath: //input[@type='submit']]
Trying to find Element By : By.xpath: //a[contains(text(),'Contacts')]
Found Element By : By.xpath: //a[contains(text(),'Contacts')]
Trying to click on: [[ChromeDriver: chrome on XP (14a80491dd0546f8f97b5d459b7a42b5)] -> xpath: //a[contains(text(),'Contacts')]]
Clicked on: [[ChromeDriver: chrome on XP (14a80491dd0546f8f97b5d459b7a42b5)] -> xpath: //a[contains(text(),'Contacts')]]
Trying to find Element By : By.xpath: //a[text()='Ben Daukits']//parent::td[@class='datalistrow']//preceding-sibling::td[@class='datalistrow']//input[@name='contact_id']
Found Element By : By.xpath: //a[text()='Ben Daukits']//parent::td[@class='datalistrow']//preceding-sibling::td[@class='datalistrow']//input[@name='contact_id']
Trying to click on: [[ChromeDriver: chrome on XP (14a80491dd0546f8f97b5d459b7a42b5)] -> xpath: //a[text()='Ben Daukits']//parent::td[@class='datalistrow']//preceding-sibling::td[@class='datalistrow']//input[@name='contact_id']]
Clicked on: [[ChromeDriver: chrome on XP (14a80491dd0546f8f97b5d459b7a42b5)] -> xpath: //a[text()='Ben Daukits']//parent::td[@class='datalistrow']//preceding-sibling::td[@class='datalistrow']//input[@name='contact_id']]
]]></system-out>
    <system-err><![CDATA[Starting ChromeDriver 109.0.5414.25 (771113d280dd3dda2fb422a6c805f0eb2b8ee6ed-refs/branch-heads/5414@{#303}) on port 33619
Only local connections are allowed.
Please see https://chromedriver.chromium.org/security-considerations for suggestions on keeping ChromeDriver safe.
ChromeDriver was started successfully.
]]></system-err>
  </testcase>
  <testcase name="selectMultipleContactsTest" classname="com.crm.qa.testcases.ContactsPageTest" time="1.047">
    <system-out><![CDATA[Before navigating to: 'https://classic.freecrm.com'
Navigated to:'https://classic.freecrm.com'
Trying to find Element By : By.name: username
Found Element By : By.name: username
Value of the:[[ChromeDriver: chrome on XP (fb2a6c2bdcd45fc9b95d105c181a4093)] -> name: username] before any changes made
Element value changed to: [[ChromeDriver: chrome on XP (fb2a6c2bdcd45fc9b95d105c181a4093)] -> name: username]
Trying to find Element By : By.name: password
Found Element By : By.name: password
Value of the:[[ChromeDriver: chrome on XP (fb2a6c2bdcd45fc9b95d105c181a4093)] -> name: password] before any changes made
Element value changed to: [[ChromeDriver: chrome on XP (fb2a6c2bdcd45fc9b95d105c181a4093)] -> name: password]
Trying to find Element By : By.xpath: //input[@type='submit']
Found Element By : By.xpath: //input[@type='submit']
Trying to click on: [[ChromeDriver: chrome on XP (fb2a6c2bdcd45fc9b95d105c181a4093)] -> xpath: //input[@type='submit']]
Clicked on: [[ChromeDriver: chrome on XP (fb2a6c2bdcd45fc9b95d105c181a4093)] -> xpath: //input[@type='submit']]
Trying to find Element By : By.xpath: //a[contains(text(),'Contacts')]
Found Element By : By.xpath: //a[contains(text(),'Contacts')]
Trying to click on: [[ChromeDriver: chrome on XP (fb2a6c2bdcd45fc9b95d105c181a4093)] -> xpath: //a[contains(text(),'Contacts')]]
Clicked on: [[ChromeDriver: chrome on XP (fb2a6c2bdcd45fc9b95d105c181a4093)] -> xpath: //a[contains(text(),'Contacts')]]
Trying to find Element By : By.xpath: //a[text()='Harry Kane']//parent::td[@class='datalistrow']//preceding-sibling::td[@class='datalistrow']//input[@name='contact_id']
Found Element By : By.xpath: //a[text()='Harry Kane']//parent::td[@class='datalistrow']//preceding-sibling::td[@class='datalistrow']//input[@name='contact_id']
Trying to click on: [[ChromeDriver: chrome on XP (fb2a6c2bdcd45fc9b95d105c181a4093)] -> xpath: //a[text()='Harry Kane']//parent::td[@class='datalistrow']//preceding-sibling::td[@class='datalistrow']//input[@name='contact_id']]
Clicked on: [[ChromeDriver: chrome on XP (fb2a6c2bdcd45fc9b95d105c181a4093)] -> xpath: //a[text()='Harry Kane']//parent::td[@class='datalistrow']//preceding-sibling::td[@class='datalistrow']//input[@name='contact_id']]
Trying to find Element By : By.xpath: //a[text()='Tom Smith']//parent::td[@class='datalistrow']//preceding-sibling::td[@class='datalistrow']//input[@name='contact_id']
Found Element By : By.xpath: //a[text()='Tom Smith']//parent::td[@class='datalistrow']//preceding-sibling::td[@class='datalistrow']//input[@name='contact_id']
Trying to click on: [[ChromeDriver: chrome on XP (fb2a6c2bdcd45fc9b95d105c181a4093)] -> xpath: //a[text()='Tom Smith']//parent::td[@class='datalistrow']//preceding-sibling::td[@class='datalistrow']//input[@name='contact_id']]
Clicked on: [[ChromeDriver: chrome on XP (fb2a6c2bdcd45fc9b95d105c181a4093)] -> xpath: //a[text()='Tom Smith']//parent::td[@class='datalistrow']//preceding-sibling::td[@class='datalistrow']//input[@name='contact_id']]
]]></system-out>
    <system-err><![CDATA[Starting ChromeDriver 109.0.5414.25 (771113d280dd3dda2fb422a6c805f0eb2b8ee6ed-refs/branch-heads/5414@{#303}) on port 19431
Only local connections are allowed.
Please see https://chromedriver.chromium.org/security-considerations for suggestions on keeping ChromeDriver safe.
ChromeDriver was started successfully.
]]></system-err>
  </testcase>
  <testcase name="createNewContactTest[Mr., Will, Smith, Apple](1)" classname="com.crm.qa.testcases.ContactsPageTest" time="12.23">
    <system-out><![CDATA[Before navigating to: 'https://classic.freecrm.com'
Navigated to:'https://classic.freecrm.com'
Trying to find Element By : By.name: username
Found Element By : By.name: username
Value of the:[[ChromeDriver: chrome on XP (fe214f4919ecf5218c7e6e07e6b625c2)] -> name: username] before any changes made
Element value changed to: [[ChromeDriver: chrome on XP (fe214f4919ecf5218c7e6e07e6b625c2)] -> name: username]
Trying to find Element By : By.name: password
Found Element By : By.name: password
Value of the:[[ChromeDriver: chrome on XP (fe214f4919ecf5218c7e6e07e6b625c2)] -> name: password] before any changes made
Element value changed to: [[ChromeDriver: chrome on XP (fe214f4919ecf5218c7e6e07e6b625c2)] -> name: password]
Trying to find Element By : By.xpath: //input[@type='submit']
Found Element By : By.xpath: //input[@type='submit']
Trying to click on: [[ChromeDriver: chrome on XP (fe214f4919ecf5218c7e6e07e6b625c2)] -> xpath: //input[@type='submit']]
Clicked on: [[ChromeDriver: chrome on XP (fe214f4919ecf5218c7e6e07e6b625c2)] -> xpath: //input[@type='submit']]
Trying to find Element By : By.xpath: //a[contains(text(),'Contacts')]
Found Element By : By.xpath: //a[contains(text(),'Contacts')]
Trying to click on: [[ChromeDriver: chrome on XP (fe214f4919ecf5218c7e6e07e6b625c2)] -> xpath: //a[contains(text(),'Contacts')]]
Clicked on: [[ChromeDriver: chrome on XP (fe214f4919ecf5218c7e6e07e6b625c2)] -> xpath: //a[contains(text(),'Contacts')]]
Trying to find Element By : By.xpath: //input[@value='New Contact' and @type='button']
Found Element By : By.xpath: //input[@value='New Contact' and @type='button']
Trying to click on: [[ChromeDriver: chrome on XP (fe214f4919ecf5218c7e6e07e6b625c2)] -> xpath: //input[@value='New Contact' and @type='button']]
Clicked on: [[ChromeDriver: chrome on XP (fe214f4919ecf5218c7e6e07e6b625c2)] -> xpath: //input[@value='New Contact' and @type='button']]
Trying to find Element By : By.name: title
Found Element By : By.name: title
Trying to find Element By : By.xpath: .//option[normalize-space(.) = "Mr."]
Found Element By : By.xpath: .//option[normalize-space(.) = "Mr."]
Trying to click on: [[[[ChromeDriver: chrome on XP (fe214f4919ecf5218c7e6e07e6b625c2)] -> name: title]] -> xpath: .//option[normalize-space(.) = "Mr."]]
Clicked on: [[[[ChromeDriver: chrome on XP (fe214f4919ecf5218c7e6e07e6b625c2)] -> name: title]] -> xpath: .//option[normalize-space(.) = "Mr."]]
Trying to find Element By : By.id: first_name
Found Element By : By.id: first_name
Value of the:[[ChromeDriver: chrome on XP (fe214f4919ecf5218c7e6e07e6b625c2)] -> id: first_name] before any changes made
Element value changed to: [[ChromeDriver: chrome on XP (fe214f4919ecf5218c7e6e07e6b625c2)] -> id: first_name]
Trying to find Element By : By.id: surname
Found Element By : By.id: surname
Value of the:[[ChromeDriver: chrome on XP (fe214f4919ecf5218c7e6e07e6b625c2)] -> id: surname] before any changes made
Element value changed to: [[ChromeDriver: chrome on XP (fe214f4919ecf5218c7e6e07e6b625c2)] -> id: surname]
Trying to find Element By : By.name: client_lookup
Found Element By : By.name: client_lookup
Value of the:[[ChromeDriver: chrome on XP (fe214f4919ecf5218c7e6e07e6b625c2)] -> name: client_lookup] before any changes made
Element value changed to: [[ChromeDriver: chrome on XP (fe214f4919ecf5218c7e6e07e6b625c2)] -> name: client_lookup]
Trying to find Element By : By.xpath: //input[@type='submit' and @value='Save']
Found Element By : By.xpath: //input[@type='submit' and @value='Save']
Trying to click on: [[ChromeDriver: chrome on XP (fe214f4919ecf5218c7e6e07e6b625c2)] -> xpath: //input[@type='submit' and @value='Save']]
Clicked on: [[ChromeDriver: chrome on XP (fe214f4919ecf5218c7e6e07e6b625c2)] -> xpath: //input[@type='submit' and @value='Save']]
]]></system-out>
    <system-err><![CDATA[Starting ChromeDriver 109.0.5414.25 (771113d280dd3dda2fb422a6c805f0eb2b8ee6ed-refs/branch-heads/5414@{#303}) on port 23954
Only local connections are allowed.
Please see https://chromedriver.chromium.org/security-considerations for suggestions on keeping ChromeDriver safe.
ChromeDriver was started successfully.
]]></system-err>
  </testcase>
  <testcase name="createNewContactTest[Dr., Peter, Wallington, Microsoft](2)" classname="com.crm.qa.testcases.ContactsPageTest" time="9.754">
    <system-out><![CDATA[Before navigating to: 'https://classic.freecrm.com'
Navigated to:'https://classic.freecrm.com'
Trying to find Element By : By.name: username
Found Element By : By.name: username
Value of the:[[ChromeDriver: chrome on XP (278d1debdcc3fe5395f3f3eb94576691)] -> name: username] before any changes made
Element value changed to: [[ChromeDriver: chrome on XP (278d1debdcc3fe5395f3f3eb94576691)] -> name: username]
Trying to find Element By : By.name: password
Found Element By : By.name: password
Value of the:[[ChromeDriver: chrome on XP (278d1debdcc3fe5395f3f3eb94576691)] -> name: password] before any changes made
Element value changed to: [[ChromeDriver: chrome on XP (278d1debdcc3fe5395f3f3eb94576691)] -> name: password]
Trying to find Element By : By.xpath: //input[@type='submit']
Found Element By : By.xpath: //input[@type='submit']
Trying to click on: [[ChromeDriver: chrome on XP (278d1debdcc3fe5395f3f3eb94576691)] -> xpath: //input[@type='submit']]
Clicked on: [[ChromeDriver: chrome on XP (278d1debdcc3fe5395f3f3eb94576691)] -> xpath: //input[@type='submit']]
Trying to find Element By : By.xpath: //a[contains(text(),'Contacts')]
Found Element By : By.xpath: //a[contains(text(),'Contacts')]
Trying to click on: [[ChromeDriver: chrome on XP (278d1debdcc3fe5395f3f3eb94576691)] -> xpath: //a[contains(text(),'Contacts')]]
Clicked on: [[ChromeDriver: chrome on XP (278d1debdcc3fe5395f3f3eb94576691)] -> xpath: //a[contains(text(),'Contacts')]]
Trying to find Element By : By.xpath: //input[@value='New Contact' and @type='button']
Found Element By : By.xpath: //input[@value='New Contact' and @type='button']
Trying to click on: [[ChromeDriver: chrome on XP (278d1debdcc3fe5395f3f3eb94576691)] -> xpath: //input[@value='New Contact' and @type='button']]
Clicked on: [[ChromeDriver: chrome on XP (278d1debdcc3fe5395f3f3eb94576691)] -> xpath: //input[@value='New Contact' and @type='button']]
Trying to find Element By : By.name: title
Found Element By : By.name: title
Trying to find Element By : By.xpath: .//option[normalize-space(.) = "Dr."]
Found Element By : By.xpath: .//option[normalize-space(.) = "Dr."]
Trying to click on: [[[[ChromeDriver: chrome on XP (278d1debdcc3fe5395f3f3eb94576691)] -> name: title]] -> xpath: .//option[normalize-space(.) = "Dr."]]
Clicked on: [[[[ChromeDriver: chrome on XP (278d1debdcc3fe5395f3f3eb94576691)] -> name: title]] -> xpath: .//option[normalize-space(.) = "Dr."]]
Trying to find Element By : By.id: first_name
Found Element By : By.id: first_name
Value of the:[[ChromeDriver: chrome on XP (278d1debdcc3fe5395f3f3eb94576691)] -> id: first_name] before any changes made
Element value changed to: [[ChromeDriver: chrome on XP (278d1debdcc3fe5395f3f3eb94576691)] -> id: first_name]
Trying to find Element By : By.id: surname
Found Element By : By.id: surname
Value of the:[[ChromeDriver: chrome on XP (278d1debdcc3fe5395f3f3eb94576691)] -> id: surname] before any changes made
Element value changed to: [[ChromeDriver: chrome on XP (278d1debdcc3fe5395f3f3eb94576691)] -> id: surname]
Trying to find Element By : By.name: client_lookup
Found Element By : By.name: client_lookup
Value of the:[[ChromeDriver: chrome on XP (278d1debdcc3fe5395f3f3eb94576691)] -> name: client_lookup] before any changes made
Element value changed to: [[ChromeDriver: chrome on XP (278d1debdcc3fe5395f3f3eb94576691)] -> name: client_lookup]
Trying to find Element By : By.xpath: //input[@type='submit' and @value='Save']
Found Element By : By.xpath: //input[@type='submit' and @value='Save']
Trying to click on: [[ChromeDriver: chrome on XP (278d1debdcc3fe5395f3f3eb94576691)] -> xpath: //input[@type='submit' and @value='Save']]
Clicked on: [[ChromeDriver: chrome on XP (278d1debdcc3fe5395f3f3eb94576691)] -> xpath: //input[@type='submit' and @value='Save']]
]]></system-out>
    <system-err><![CDATA[Starting ChromeDriver 109.0.5414.25 (771113d280dd3dda2fb422a6c805f0eb2b8ee6ed-refs/branch-heads/5414@{#303}) on port 18363
Only local connections are allowed.
Please see https://chromedriver.chromium.org/security-considerations for suggestions on keeping ChromeDriver safe.
ChromeDriver was started successfully.
]]></system-err>
  </testcase>
  <testcase name="createNewContactTest[Prof., Watt, Klopp, Amazon](3)" classname="com.crm.qa.testcases.ContactsPageTest" time="9.443">
    <system-out><![CDATA[Before navigating to: 'https://classic.freecrm.com'
Navigated to:'https://classic.freecrm.com'
Trying to find Element By : By.name: username
Found Element By : By.name: username
Value of the:[[ChromeDriver: chrome on XP (ddbb83eb86ea81fe75b655f1f42c5f41)] -> name: username] before any changes made
Element value changed to: [[ChromeDriver: chrome on XP (ddbb83eb86ea81fe75b655f1f42c5f41)] -> name: username]
Trying to find Element By : By.name: password
Found Element By : By.name: password
Value of the:[[ChromeDriver: chrome on XP (ddbb83eb86ea81fe75b655f1f42c5f41)] -> name: password] before any changes made
Element value changed to: [[ChromeDriver: chrome on XP (ddbb83eb86ea81fe75b655f1f42c5f41)] -> name: password]
Trying to find Element By : By.xpath: //input[@type='submit']
Found Element By : By.xpath: //input[@type='submit']
Trying to click on: [[ChromeDriver: chrome on XP (ddbb83eb86ea81fe75b655f1f42c5f41)] -> xpath: //input[@type='submit']]
Clicked on: [[ChromeDriver: chrome on XP (ddbb83eb86ea81fe75b655f1f42c5f41)] -> xpath: //input[@type='submit']]
Trying to find Element By : By.xpath: //a[contains(text(),'Contacts')]
Found Element By : By.xpath: //a[contains(text(),'Contacts')]
Trying to click on: [[ChromeDriver: chrome on XP (ddbb83eb86ea81fe75b655f1f42c5f41)] -> xpath: //a[contains(text(),'Contacts')]]
Clicked on: [[ChromeDriver: chrome on XP (ddbb83eb86ea81fe75b655f1f42c5f41)] -> xpath: //a[contains(text(),'Contacts')]]
Trying to find Element By : By.xpath: //input[@value='New Contact' and @type='button']
Found Element By : By.xpath: //input[@value='New Contact' and @type='button']
Trying to click on: [[ChromeDriver: chrome on XP (ddbb83eb86ea81fe75b655f1f42c5f41)] -> xpath: //input[@value='New Contact' and @type='button']]
Clicked on: [[ChromeDriver: chrome on XP (ddbb83eb86ea81fe75b655f1f42c5f41)] -> xpath: //input[@value='New Contact' and @type='button']]
Trying to find Element By : By.name: title
Found Element By : By.name: title
Trying to find Element By : By.xpath: .//option[normalize-space(.) = "Prof."]
Found Element By : By.xpath: .//option[normalize-space(.) = "Prof."]
Trying to click on: [[[[ChromeDriver: chrome on XP (ddbb83eb86ea81fe75b655f1f42c5f41)] -> name: title]] -> xpath: .//option[normalize-space(.) = "Prof."]]
Clicked on: [[[[ChromeDriver: chrome on XP (ddbb83eb86ea81fe75b655f1f42c5f41)] -> name: title]] -> xpath: .//option[normalize-space(.) = "Prof."]]
Trying to find Element By : By.id: first_name
Found Element By : By.id: first_name
Value of the:[[ChromeDriver: chrome on XP (ddbb83eb86ea81fe75b655f1f42c5f41)] -> id: first_name] before any changes made
Element value changed to: [[ChromeDriver: chrome on XP (ddbb83eb86ea81fe75b655f1f42c5f41)] -> id: first_name]
Trying to find Element By : By.id: surname
Found Element By : By.id: surname
Value of the:[[ChromeDriver: chrome on XP (ddbb83eb86ea81fe75b655f1f42c5f41)] -> id: surname] before any changes made
Element value changed to: [[ChromeDriver: chrome on XP (ddbb83eb86ea81fe75b655f1f42c5f41)] -> id: surname]
Trying to find Element By : By.name: client_lookup
Found Element By : By.name: client_lookup
Value of the:[[ChromeDriver: chrome on XP (ddbb83eb86ea81fe75b655f1f42c5f41)] -> name: client_lookup] before any changes made
Element value changed to: [[ChromeDriver: chrome on XP (ddbb83eb86ea81fe75b655f1f42c5f41)] -> name: client_lookup]
Trying to find Element By : By.xpath: //input[@type='submit' and @value='Save']
Found Element By : By.xpath: //input[@type='submit' and @value='Save']
Trying to click on: [[ChromeDriver: chrome on XP (ddbb83eb86ea81fe75b655f1f42c5f41)] -> xpath: //input[@type='submit' and @value='Save']]
Clicked on: [[ChromeDriver: chrome on XP (ddbb83eb86ea81fe75b655f1f42c5f41)] -> xpath: //input[@type='submit' and @value='Save']]
]]></system-out>
    <system-err><![CDATA[Starting ChromeDriver 109.0.5414.25 (771113d280dd3dda2fb422a6c805f0eb2b8ee6ed-refs/branch-heads/5414@{#303}) on port 15097
Only local connections are allowed.
Please see https://chromedriver.chromium.org/security-considerations for suggestions on keeping ChromeDriver safe.
ChromeDriver was started successfully.
]]></system-err>
  </testcase>
  <testcase name="createNewContactTest[Sir, Mike, Richardson, Google](4)" classname="com.crm.qa.testcases.ContactsPageTest" time="10.654">
    <system-out><![CDATA[Before navigating to: 'https://classic.freecrm.com'
Navigated to:'https://classic.freecrm.com'
Trying to find Element By : By.name: username
Found Element By : By.name: username
Value of the:[[ChromeDriver: chrome on XP (f1848161a86915a336f137bb859d1d9d)] -> name: username] before any changes made
Element value changed to: [[ChromeDriver: chrome on XP (f1848161a86915a336f137bb859d1d9d)] -> name: username]
Trying to find Element By : By.name: password
Found Element By : By.name: password
Value of the:[[ChromeDriver: chrome on XP (f1848161a86915a336f137bb859d1d9d)] -> name: password] before any changes made
Element value changed to: [[ChromeDriver: chrome on XP (f1848161a86915a336f137bb859d1d9d)] -> name: password]
Trying to find Element By : By.xpath: //input[@type='submit']
Found Element By : By.xpath: //input[@type='submit']
Trying to click on: [[ChromeDriver: chrome on XP (f1848161a86915a336f137bb859d1d9d)] -> xpath: //input[@type='submit']]
Clicked on: [[ChromeDriver: chrome on XP (f1848161a86915a336f137bb859d1d9d)] -> xpath: //input[@type='submit']]
Trying to find Element By : By.xpath: //a[contains(text(),'Contacts')]
Found Element By : By.xpath: //a[contains(text(),'Contacts')]
Trying to click on: [[ChromeDriver: chrome on XP (f1848161a86915a336f137bb859d1d9d)] -> xpath: //a[contains(text(),'Contacts')]]
Clicked on: [[ChromeDriver: chrome on XP (f1848161a86915a336f137bb859d1d9d)] -> xpath: //a[contains(text(),'Contacts')]]
Trying to find Element By : By.xpath: //input[@value='New Contact' and @type='button']
Found Element By : By.xpath: //input[@value='New Contact' and @type='button']
Trying to click on: [[ChromeDriver: chrome on XP (f1848161a86915a336f137bb859d1d9d)] -> xpath: //input[@value='New Contact' and @type='button']]
Clicked on: [[ChromeDriver: chrome on XP (f1848161a86915a336f137bb859d1d9d)] -> xpath: //input[@value='New Contact' and @type='button']]
Trying to find Element By : By.name: title
Found Element By : By.name: title
Trying to find Element By : By.xpath: .//option[normalize-space(.) = "Sir"]
Found Element By : By.xpath: .//option[normalize-space(.) = "Sir"]
Trying to click on: [[[[ChromeDriver: chrome on XP (f1848161a86915a336f137bb859d1d9d)] -> name: title]] -> xpath: .//option[normalize-space(.) = "Sir"]]
Clicked on: [[[[ChromeDriver: chrome on XP (f1848161a86915a336f137bb859d1d9d)] -> name: title]] -> xpath: .//option[normalize-space(.) = "Sir"]]
Trying to find Element By : By.id: first_name
Found Element By : By.id: first_name
Value of the:[[ChromeDriver: chrome on XP (f1848161a86915a336f137bb859d1d9d)] -> id: first_name] before any changes made
Element value changed to: [[ChromeDriver: chrome on XP (f1848161a86915a336f137bb859d1d9d)] -> id: first_name]
Trying to find Element By : By.id: surname
Found Element By : By.id: surname
Value of the:[[ChromeDriver: chrome on XP (f1848161a86915a336f137bb859d1d9d)] -> id: surname] before any changes made
Element value changed to: [[ChromeDriver: chrome on XP (f1848161a86915a336f137bb859d1d9d)] -> id: surname]
Trying to find Element By : By.name: client_lookup
Found Element By : By.name: client_lookup
Value of the:[[ChromeDriver: chrome on XP (f1848161a86915a336f137bb859d1d9d)] -> name: client_lookup] before any changes made
Element value changed to: [[ChromeDriver: chrome on XP (f1848161a86915a336f137bb859d1d9d)] -> name: client_lookup]
Trying to find Element By : By.xpath: //input[@type='submit' and @value='Save']
Found Element By : By.xpath: //input[@type='submit' and @value='Save']
Trying to click on: [[ChromeDriver: chrome on XP (f1848161a86915a336f137bb859d1d9d)] -> xpath: //input[@type='submit' and @value='Save']]
Clicked on: [[ChromeDriver: chrome on XP (f1848161a86915a336f137bb859d1d9d)] -> xpath: //input[@type='submit' and @value='Save']]
]]></system-out>
    <system-err><![CDATA[Starting ChromeDriver 109.0.5414.25 (771113d280dd3dda2fb422a6c805f0eb2b8ee6ed-refs/branch-heads/5414@{#303}) on port 15382
Only local connections are allowed.
Please see https://chromedriver.chromium.org/security-considerations for suggestions on keeping ChromeDriver safe.
ChromeDriver was started successfully.
]]></system-err>
  </testcase>
  <testcase name="homePageTitleTest" classname="com.crm.qa.testcases.HomePageTest" time="0.402">
    <system-out><![CDATA[Before navigating to: 'https://classic.freecrm.com'
Navigated to:'https://classic.freecrm.com'
Trying to find Element By : By.name: username
Found Element By : By.name: username
Value of the:[[ChromeDriver: chrome on XP (9b35be579f786532c6941ef6add05fb7)] -> name: username] before any changes made
Element value changed to: [[ChromeDriver: chrome on XP (9b35be579f786532c6941ef6add05fb7)] -> name: username]
Trying to find Element By : By.name: password
Found Element By : By.name: password
Value of the:[[ChromeDriver: chrome on XP (9b35be579f786532c6941ef6add05fb7)] -> name: password] before any changes made
Element value changed to: [[ChromeDriver: chrome on XP (9b35be579f786532c6941ef6add05fb7)] -> name: password]
Trying to find Element By : By.xpath: //input[@type='submit']
Found Element By : By.xpath: //input[@type='submit']
Trying to click on: [[ChromeDriver: chrome on XP (9b35be579f786532c6941ef6add05fb7)] -> xpath: //input[@type='submit']]
Clicked on: [[ChromeDriver: chrome on XP (9b35be579f786532c6941ef6add05fb7)] -> xpath: //input[@type='submit']]
]]></system-out>
    <system-err><![CDATA[Starting ChromeDriver 109.0.5414.25 (771113d280dd3dda2fb422a6c805f0eb2b8ee6ed-refs/branch-heads/5414@{#303}) on port 33994
Only local connections are allowed.
Please see https://chromedriver.chromium.org/security-considerations for suggestions on keeping ChromeDriver safe.
ChromeDriver was started successfully.
]]></system-err>
  </testcase>
  <testcase name="userNameInHomePageTest" classname="com.crm.qa.testcases.HomePageTest" time="0.163">
    <system-out><![CDATA[Before navigating to: 'https://classic.freecrm.com'
Navigated to:'https://classic.freecrm.com'
Trying to find Element By : By.name: username
Found Element By : By.name: username
Value of the:[[ChromeDriver: chrome on XP (6a70f83e1dc321aa84d32daa443a8069)] -> name: username] before any changes made
Element value changed to: [[ChromeDriver: chrome on XP (6a70f83e1dc321aa84d32daa443a8069)] -> name: username]
Trying to find Element By : By.name: password
Found Element By : By.name: password
Value of the:[[ChromeDriver: chrome on XP (6a70f83e1dc321aa84d32daa443a8069)] -> name: password] before any changes made
Element value changed to: [[ChromeDriver: chrome on XP (6a70f83e1dc321aa84d32daa443a8069)] -> name: password]
Trying to find Element By : By.xpath: //input[@type='submit']
Found Element By : By.xpath: //input[@type='submit']
Trying to click on: [[ChromeDriver: chrome on XP (6a70f83e1dc321aa84d32daa443a8069)] -> xpath: //input[@type='submit']]
Clicked on: [[ChromeDriver: chrome on XP (6a70f83e1dc321aa84d32daa443a8069)] -> xpath: //input[@type='submit']]
Trying to find Element By : By.xpath: //td[contains(text(),'User: Raj Adhikari')]
Found Element By : By.xpath: //td[contains(text(),'User: Raj Adhikari')]
]]></system-out>
    <system-err><![CDATA[Starting ChromeDriver 109.0.5414.25 (771113d280dd3dda2fb422a6c805f0eb2b8ee6ed-refs/branch-heads/5414@{#303}) on port 9025
Only local connections are allowed.
Please see https://chromedriver.chromium.org/security-considerations for suggestions on keeping ChromeDriver safe.
ChromeDriver was started successfully.
]]></system-err>
  </testcase>
  <testcase name="contactsPageTest" classname="com.crm.qa.testcases.HomePageTest" time="3.757">
    <system-out><![CDATA[Before navigating to: 'https://classic.freecrm.com'
Navigated to:'https://classic.freecrm.com'
Trying to find Element By : By.name: username
Found Element By : By.name: username
Value of the:[[ChromeDriver: chrome on XP (bb1366ca4ac27f648d08ebb306caa583)] -> name: username] before any changes made
Element value changed to: [[ChromeDriver: chrome on XP (bb1366ca4ac27f648d08ebb306caa583)] -> name: username]
Trying to find Element By : By.name: password
Found Element By : By.name: password
Value of the:[[ChromeDriver: chrome on XP (bb1366ca4ac27f648d08ebb306caa583)] -> name: password] before any changes made
Element value changed to: [[ChromeDriver: chrome on XP (bb1366ca4ac27f648d08ebb306caa583)] -> name: password]
Trying to find Element By : By.xpath: //input[@type='submit']
Found Element By : By.xpath: //input[@type='submit']
Trying to click on: [[ChromeDriver: chrome on XP (bb1366ca4ac27f648d08ebb306caa583)] -> xpath: //input[@type='submit']]
Clicked on: [[ChromeDriver: chrome on XP (bb1366ca4ac27f648d08ebb306caa583)] -> xpath: //input[@type='submit']]
Trying to find Element By : By.xpath: //a[contains(text(),'Contacts')]
Found Element By : By.xpath: //a[contains(text(),'Contacts')]
Trying to click on: [[ChromeDriver: chrome on XP (bb1366ca4ac27f648d08ebb306caa583)] -> xpath: //a[contains(text(),'Contacts')]]
Clicked on: [[ChromeDriver: chrome on XP (bb1366ca4ac27f648d08ebb306caa583)] -> xpath: //a[contains(text(),'Contacts')]]
]]></system-out>
    <system-err><![CDATA[Starting ChromeDriver 109.0.5414.25 (771113d280dd3dda2fb422a6c805f0eb2b8ee6ed-refs/branch-heads/5414@{#303}) on port 6295
Only local connections are allowed.
Please see https://chromedriver.chromium.org/security-considerations for suggestions on keeping ChromeDriver safe.
ChromeDriver was started successfully.
]]></system-err>
  </testcase>
  <testcase name="loginPageTitleTest" classname="com.crm.qa.testcases.LoginPageTest" time="0.019">
    <system-out><![CDATA[Before navigating to: 'https://classic.freecrm.com'
Navigated to:'https://classic.freecrm.com'
]]></system-out>
    <system-err><![CDATA[Starting ChromeDriver 109.0.5414.25 (771113d280dd3dda2fb422a6c805f0eb2b8ee6ed-refs/branch-heads/5414@{#303}) on port 16679
Only local connections are allowed.
Please see https://chromedriver.chromium.org/security-considerations for suggestions on keeping ChromeDriver safe.
ChromeDriver was started successfully.
]]></system-err>
  </testcase>
  <testcase name="logoImageTest" classname="com.crm.qa.testcases.LoginPageTest" time="0.107">
    <system-out><![CDATA[Before navigating to: 'https://classic.freecrm.com'
Navigated to:'https://classic.freecrm.com'
Trying to find Element By : By.xpath: //img[contains(@class,'img-responsive')]
Found Element By : By.xpath: //img[contains(@class,'img-responsive')]
]]></system-out>
    <system-err><![CDATA[Starting ChromeDriver 109.0.5414.25 (771113d280dd3dda2fb422a6c805f0eb2b8ee6ed-refs/branch-heads/5414@{#303}) on port 29835
Only local connections are allowed.
Please see https://chromedriver.chromium.org/security-considerations for suggestions on keeping ChromeDriver safe.
ChromeDriver was started successfully.
]]></system-err>
  </testcase>
  <testcase name="loginTest" classname="com.crm.qa.testcases.LoginPageTest" time="14.429">
    <system-out><![CDATA[Before navigating to: 'https://classic.freecrm.com'
Navigated to:'https://classic.freecrm.com'
Trying to find Element By : By.name: username
Found Element By : By.name: username
Value of the:[[ChromeDriver: chrome on XP (334150ef82cfdc884e36471310bdc9fb)] -> name: username] before any changes made
Element value changed to: [[ChromeDriver: chrome on XP (334150ef82cfdc884e36471310bdc9fb)] -> name: username]
Trying to find Element By : By.name: password
Found Element By : By.name: password
Value of the:[[ChromeDriver: chrome on XP (334150ef82cfdc884e36471310bdc9fb)] -> name: password] before any changes made
Element value changed to: [[ChromeDriver: chrome on XP (334150ef82cfdc884e36471310bdc9fb)] -> name: password]
Trying to find Element By : By.xpath: //input[@type='submit']
Found Element By : By.xpath: //input[@type='submit']
Trying to click on: [[ChromeDriver: chrome on XP (334150ef82cfdc884e36471310bdc9fb)] -> xpath: //input[@type='submit']]
Clicked on: [[ChromeDriver: chrome on XP (334150ef82cfdc884e36471310bdc9fb)] -> xpath: //input[@type='submit']]
]]></system-out>
    <system-err><![CDATA[Starting ChromeDriver 109.0.5414.25 (771113d280dd3dda2fb422a6c805f0eb2b8ee6ed-refs/branch-heads/5414@{#303}) on port 34165
Only local connections are allowed.
Please see https://chromedriver.chromium.org/security-considerations for suggestions on keeping ChromeDriver safe.
ChromeDriver was started successfully.
]]></system-err>
  </testcase>
</testsuite>