<?xml version="1.0" encoding="UTF-8"?>
<testng-results skipped="0" failed="0" total="3" passed="3">
  <reporter-output>
  </reporter-output>
  <suite name="Default suite" duration-ms="97044" started-at="2024-02-13T12:07:27Z" finished-at="2024-02-13T12:09:04Z">
    <groups>
    </groups>
    <test name="Default test" duration-ms="97044" started-at="2024-02-13T12:07:27Z" finished-at="2024-02-13T12:09:04Z">
      <class name="com.crm.qa.testcases.LoginPageTest">
        <test-method status="PASS" signature="Setup()[pri:0, instance:com.crm.qa.testcases.LoginPageTest@43ee72e6]" name="Setup" is-config="true" duration-ms="31631" started-at="2024-02-13T17:37:27Z" finished-at="2024-02-13T17:37:59Z">
          <reporter-output>
          </reporter-output>
        </test-method> <!-- Setup -->
        <test-method status="PASS" signature="loginPageTitleTest()[pri:0, instance:com.crm.qa.testcases.LoginPageTest@43ee72e6]" name="loginPageTitleTest" duration-ms="77" started-at="2024-02-13T17:37:59Z" finished-at="2024-02-13T17:37:59Z">
          <reporter-output>
          </reporter-output>
        </test-method> <!-- loginPageTitleTest -->
        <test-method status="PASS" signature="tearDown()[pri:0, instance:com.crm.qa.testcases.LoginPageTest@43ee72e6]" name="tearDown" is-config="true" duration-ms="2344" started-at="2024-02-13T17:37:59Z" finished-at="2024-02-13T17:38:01Z">
          <reporter-output>
          </reporter-output>
        </test-method> <!-- tearDown -->
        <test-method status="PASS" signature="Setup()[pri:0, instance:com.crm.qa.testcases.LoginPageTest@43ee72e6]" name="Setup" is-config="true" duration-ms="15816" started-at="2024-02-13T17:38:01Z" finished-at="2024-02-13T17:38:17Z">
          <reporter-output>
          </reporter-output>
        </test-method> <!-- Setup -->
        <test-method status="PASS" signature="logoImageTest()[pri:0, instance:com.crm.qa.testcases.LoginPageTest@43ee72e6]" name="logoImageTest" duration-ms="389" started-at="2024-02-13T17:38:17Z" finished-at="2024-02-13T17:38:17Z">
          <reporter-output>
          </reporter-output>
        </test-method> <!-- logoImageTest -->
        <test-method status="PASS" signature="tearDown()[pri:0, instance:com.crm.qa.testcases.LoginPageTest@43ee72e6]" name="tearDown" is-config="true" duration-ms="1356" started-at="2024-02-13T17:38:17Z" finished-at="2024-02-13T17:38:19Z">
          <reporter-output>
          </reporter-output>
        </test-method> <!-- tearDown -->
        <test-method status="PASS" signature="Setup()[pri:0, instance:com.crm.qa.testcases.LoginPageTest@43ee72e6]" name="Setup" is-config="true" duration-ms="25079" started-at="2024-02-13T17:38:19Z" finished-at="2024-02-13T17:38:44Z">
          <reporter-output>
          </reporter-output>
        </test-method> <!-- Setup -->
        <test-method status="PASS" signature="loginTest()[pri:0, instance:com.crm.qa.testcases.LoginPageTest@43ee72e6]" name="loginTest" duration-ms="19106" started-at="2024-02-13T17:38:44Z" finished-at="2024-02-13T17:39:03Z">
          <reporter-output>
          </reporter-output>
        </test-method> <!-- loginTest -->
        <test-method status="PASS" signature="tearDown()[pri:0, instance:com.crm.qa.testcases.LoginPageTest@43ee72e6]" name="tearDown" is-config="true" duration-ms="1191" started-at="2024-02-13T17:39:03Z" finished-at="2024-02-13T17:39:04Z">
          <reporter-output>
          </reporter-output>
        </test-method> <!-- tearDown -->
      </class> <!-- com.crm.qa.testcases.LoginPageTest -->
    </test> <!-- Default test -->
  </suite> <!-- Default suite -->
</testng-results>
